{"C:\\Users\\Cyril_Strone_Work\\Work\\Personal\\mindbox-test\\src\\components\\todo\\atoms\\todo-list-item.tsx": {"path":"C:\\Users\\Cyril_Strone_Work\\Work\\Personal\\mindbox-test\\src\\components\\todo\\atoms\\todo-list-item.tsx","all":false,"statementMap":{"0":{"start":{"line":1,"column":0},"end":{"line":1,"column":37}},"1":{"start":{"line":2,"column":0},"end":{"line":2,"column":0}},"2":{"start":{"line":3,"column":0},"end":{"line":3,"column":55}},"3":{"start":{"line":4,"column":0},"end":{"line":4,"column":0}},"4":{"start":{"line":5,"column":0},"end":{"line":5,"column":56}},"5":{"start":{"line":6,"column":0},"end":{"line":6,"column":24}},"6":{"start":{"line":7,"column":0},"end":{"line":7,"column":134}},"7":{"start":{"line":8,"column":0},"end":{"line":8,"column":448}},"8":{"start":{"line":9,"column":0},"end":{"line":9,"column":114}},"9":{"start":{"line":10,"column":0},"end":{"line":10,"column":11}},"10":{"start":{"line":11,"column":0},"end":{"line":11,"column":10}},"11":{"start":{"line":12,"column":0},"end":{"line":12,"column":123}},"12":{"start":{"line":13,"column":0},"end":{"line":13,"column":93}},"13":{"start":{"line":14,"column":0},"end":{"line":14,"column":74}},"14":{"start":{"line":15,"column":0},"end":{"line":15,"column":12}},"15":{"start":{"line":16,"column":0},"end":{"line":16,"column":42}},"16":{"start":{"line":17,"column":0},"end":{"line":17,"column":26}},"17":{"start":{"line":18,"column":0},"end":{"line":18,"column":12}},"18":{"start":{"line":19,"column":0},"end":{"line":19,"column":10}},"19":{"start":{"line":20,"column":0},"end":{"line":20,"column":3}},"20":{"start":{"line":21,"column":0},"end":{"line":21,"column":1}}},"s":{"0":1,"1":1,"2":1,"3":1,"4":1,"5":21,"6":21,"7":21,"8":21,"9":21,"10":21,"11":21,"12":21,"13":21,"14":21,"15":21,"16":21,"17":21,"18":21,"19":21,"20":21},"branchMap":{"0":{"type":"branch","line":5,"loc":{"start":{"line":5,"column":7},"end":{"line":21,"column":1}},"locations":[{"start":{"line":5,"column":7},"end":{"line":21,"column":1}}]},"1":{"type":"branch","line":12,"loc":{"start":{"line":12,"column":59},"end":{"line":12,"column":107}},"locations":[{"start":{"line":12,"column":59},"end":{"line":12,"column":107}}]},"2":{"type":"branch","line":12,"loc":{"start":{"line":12,"column":69},"end":{"line":12,"column":123}},"locations":[{"start":{"line":12,"column":69},"end":{"line":12,"column":123}}]},"3":{"type":"branch","line":14,"loc":{"start":{"line":14,"column":15},"end":{"line":14,"column":59}},"locations":[{"start":{"line":14,"column":15},"end":{"line":14,"column":59}}]}},"b":{"0":[21],"1":[7],"2":[14],"3":[0]},"fnMap":{"0":{"name":"TodoListItem","decl":{"start":{"line":5,"column":7},"end":{"line":21,"column":1}},"loc":{"start":{"line":5,"column":7},"end":{"line":21,"column":1}},"line":5},"1":{"name":"onClick","decl":{"start":{"line":13,"column":51},"end":{"line":13,"column":93}},"loc":{"start":{"line":13,"column":51},"end":{"line":13,"column":93}},"line":13}},"f":{"0":21,"1":0}}
,"C:\\Users\\Cyril_Strone_Work\\Work\\Personal\\mindbox-test\\src\\components\\todo\\molecules\\todo-config.tsx": {"path":"C:\\Users\\Cyril_Strone_Work\\Work\\Personal\\mindbox-test\\src\\components\\todo\\molecules\\todo-config.tsx","all":false,"statementMap":{"0":{"start":{"line":1,"column":0},"end":{"line":1,"column":69}},"1":{"start":{"line":2,"column":0},"end":{"line":2,"column":0}},"2":{"start":{"line":3,"column":0},"end":{"line":3,"column":34}},"3":{"start":{"line":4,"column":0},"end":{"line":4,"column":0}},"4":{"start":{"line":5,"column":0},"end":{"line":5,"column":72}},"5":{"start":{"line":6,"column":0},"end":{"line":6,"column":25}},"6":{"start":{"line":7,"column":0},"end":{"line":7,"column":43}},"7":{"start":{"line":8,"column":0},"end":{"line":8,"column":12}},"8":{"start":{"line":9,"column":0},"end":{"line":9,"column":18}},"9":{"start":{"line":10,"column":0},"end":{"line":10,"column":6}},"10":{"start":{"line":11,"column":0},"end":{"line":11,"column":22}},"11":{"start":{"line":12,"column":0},"end":{"line":12,"column":1}},"12":{"start":{"line":13,"column":0},"end":{"line":13,"column":0}},"13":{"start":{"line":14,"column":0},"end":{"line":14,"column":80}},"14":{"start":{"line":15,"column":0},"end":{"line":15,"column":22}},"15":{"start":{"line":16,"column":0},"end":{"line":16,"column":53}},"16":{"start":{"line":17,"column":0},"end":{"line":17,"column":24}},"17":{"start":{"line":18,"column":0},"end":{"line":18,"column":29}},"18":{"start":{"line":19,"column":0},"end":{"line":19,"column":5}},"19":{"start":{"line":20,"column":0},"end":{"line":20,"column":23}},"20":{"start":{"line":21,"column":0},"end":{"line":21,"column":8}},"21":{"start":{"line":22,"column":0},"end":{"line":22,"column":15}},"22":{"start":{"line":23,"column":0},"end":{"line":23,"column":1}},"23":{"start":{"line":24,"column":0},"end":{"line":24,"column":0}},"24":{"start":{"line":25,"column":0},"end":{"line":25,"column":52}},"25":{"start":{"line":26,"column":0},"end":{"line":26,"column":71}},"26":{"start":{"line":27,"column":0},"end":{"line":27,"column":28}},"27":{"start":{"line":28,"column":0},"end":{"line":28,"column":3}},"28":{"start":{"line":29,"column":0},"end":{"line":29,"column":10}},"29":{"start":{"line":30,"column":0},"end":{"line":30,"column":32}},"30":{"start":{"line":31,"column":0},"end":{"line":31,"column":46}},"31":{"start":{"line":32,"column":0},"end":{"line":32,"column":53}},"32":{"start":{"line":33,"column":0},"end":{"line":33,"column":12}},"33":{"start":{"line":34,"column":0},"end":{"line":34,"column":44}},"34":{"start":{"line":35,"column":0},"end":{"line":35,"column":12}},"35":{"start":{"line":36,"column":0},"end":{"line":36,"column":48}},"36":{"start":{"line":37,"column":0},"end":{"line":37,"column":140}},"37":{"start":{"line":38,"column":0},"end":{"line":38,"column":9}},"38":{"start":{"line":39,"column":0},"end":{"line":39,"column":13}},"39":{"start":{"line":40,"column":0},"end":{"line":40,"column":14}},"40":{"start":{"line":41,"column":0},"end":{"line":41,"column":12}},"41":{"start":{"line":42,"column":0},"end":{"line":42,"column":51}},"42":{"start":{"line":43,"column":0},"end":{"line":43,"column":143}},"43":{"start":{"line":44,"column":0},"end":{"line":44,"column":9}},"44":{"start":{"line":45,"column":0},"end":{"line":45,"column":16}},"45":{"start":{"line":46,"column":0},"end":{"line":46,"column":14}},"46":{"start":{"line":47,"column":0},"end":{"line":47,"column":12}},"47":{"start":{"line":48,"column":0},"end":{"line":48,"column":54}},"48":{"start":{"line":49,"column":0},"end":{"line":49,"column":146}},"49":{"start":{"line":50,"column":0},"end":{"line":50,"column":9}},"50":{"start":{"line":51,"column":0},"end":{"line":51,"column":19}},"51":{"start":{"line":52,"column":0},"end":{"line":52,"column":14}},"52":{"start":{"line":53,"column":0},"end":{"line":53,"column":12}},"53":{"start":{"line":54,"column":0},"end":{"line":54,"column":114}},"54":{"start":{"line":55,"column":0},"end":{"line":55,"column":23}},"55":{"start":{"line":56,"column":0},"end":{"line":56,"column":0}},"56":{"start":{"line":57,"column":0},"end":{"line":57,"column":12}},"57":{"start":{"line":58,"column":0},"end":{"line":58,"column":10}},"58":{"start":{"line":59,"column":0},"end":{"line":59,"column":3}},"59":{"start":{"line":60,"column":0},"end":{"line":60,"column":1}}},"s":{"0":1,"1":1,"2":1,"3":1,"4":1,"5":4,"6":3,"7":5,"8":5,"9":3,"10":3,"11":3,"12":1,"13":1,"14":9,"15":8,"16":21,"17":14,"18":14,"19":7,"20":8,"21":8,"22":8,"23":1,"24":1,"25":6,"26":3,"27":3,"28":6,"29":6,"30":6,"31":6,"32":6,"33":6,"34":6,"35":6,"36":6,"37":6,"38":6,"39":6,"40":6,"41":6,"42":6,"43":6,"44":6,"45":6,"46":6,"47":6,"48":6,"49":6,"50":6,"51":6,"52":6,"53":6,"54":6,"55":6,"56":6,"57":6,"58":6,"59":6},"branchMap":{"0":{"type":"branch","line":5,"loc":{"start":{"line":5,"column":35},"end":{"line":12,"column":1}},"locations":[{"start":{"line":5,"column":35},"end":{"line":12,"column":1}}]},"1":{"type":"branch","line":6,"loc":{"start":{"line":6,"column":14},"end":{"line":6,"column":25}},"locations":[{"start":{"line":6,"column":14},"end":{"line":6,"column":25}}]},"2":{"type":"branch","line":6,"loc":{"start":{"line":6,"column":21},"end":{"line":12,"column":1}},"locations":[{"start":{"line":6,"column":21},"end":{"line":12,"column":1}}]},"3":{"type":"branch","line":7,"loc":{"start":{"line":7,"column":33},"end":{"line":10,"column":4}},"locations":[{"start":{"line":7,"column":33},"end":{"line":10,"column":4}}]},"4":{"type":"branch","line":14,"loc":{"start":{"line":14,"column":35},"end":{"line":23,"column":1}},"locations":[{"start":{"line":14,"column":35},"end":{"line":23,"column":1}}]},"5":{"type":"branch","line":15,"loc":{"start":{"line":15,"column":14},"end":{"line":15,"column":22}},"locations":[{"start":{"line":15,"column":14},"end":{"line":15,"column":22}}]},"6":{"type":"branch","line":15,"loc":{"start":{"line":15,"column":21},"end":{"line":23,"column":1}},"locations":[{"start":{"line":15,"column":21},"end":{"line":23,"column":1}}]},"7":{"type":"branch","line":16,"loc":{"start":{"line":16,"column":29},"end":{"line":21,"column":5}},"locations":[{"start":{"line":16,"column":29},"end":{"line":21,"column":5}}]},"8":{"type":"branch","line":17,"loc":{"start":{"line":17,"column":23},"end":{"line":19,"column":5}},"locations":[{"start":{"line":17,"column":23},"end":{"line":19,"column":5}}]},"9":{"type":"branch","line":19,"loc":{"start":{"line":19,"column":4},"end":{"line":20,"column":23}},"locations":[{"start":{"line":19,"column":4},"end":{"line":20,"column":23}}]},"10":{"type":"branch","line":25,"loc":{"start":{"line":25,"column":7},"end":{"line":60,"column":1}},"locations":[{"start":{"line":25,"column":7},"end":{"line":60,"column":1}}]},"11":{"type":"branch","line":37,"loc":{"start":{"line":37,"column":37},"end":{"line":37,"column":111}},"locations":[{"start":{"line":37,"column":37},"end":{"line":37,"column":111}}]},"12":{"type":"branch","line":37,"loc":{"start":{"line":37,"column":45},"end":{"line":37,"column":140}},"locations":[{"start":{"line":37,"column":45},"end":{"line":37,"column":140}}]},"13":{"type":"branch","line":43,"loc":{"start":{"line":43,"column":37},"end":{"line":43,"column":114}},"locations":[{"start":{"line":43,"column":37},"end":{"line":43,"column":114}}]},"14":{"type":"branch","line":43,"loc":{"start":{"line":43,"column":48},"end":{"line":43,"column":143}},"locations":[{"start":{"line":43,"column":48},"end":{"line":43,"column":143}}]},"15":{"type":"branch","line":49,"loc":{"start":{"line":49,"column":37},"end":{"line":49,"column":117}},"locations":[{"start":{"line":49,"column":37},"end":{"line":49,"column":117}}]},"16":{"type":"branch","line":49,"loc":{"start":{"line":49,"column":51},"end":{"line":49,"column":146}},"locations":[{"start":{"line":49,"column":51},"end":{"line":49,"column":146}}]},"17":{"type":"branch","line":26,"loc":{"start":{"line":26,"column":26},"end":{"line":28,"column":3}},"locations":[{"start":{"line":26,"column":26},"end":{"line":28,"column":3}}]},"18":{"type":"branch","line":36,"loc":{"start":{"line":36,"column":19},"end":{"line":36,"column":48}},"locations":[{"start":{"line":36,"column":19},"end":{"line":36,"column":48}}]},"19":{"type":"branch","line":42,"loc":{"start":{"line":42,"column":19},"end":{"line":42,"column":51}},"locations":[{"start":{"line":42,"column":19},"end":{"line":42,"column":51}}]},"20":{"type":"branch","line":48,"loc":{"start":{"line":48,"column":19},"end":{"line":48,"column":54}},"locations":[{"start":{"line":48,"column":19},"end":{"line":48,"column":54}}]},"21":{"type":"branch","line":54,"loc":{"start":{"line":54,"column":58},"end":{"line":54,"column":114}},"locations":[{"start":{"line":54,"column":58},"end":{"line":54,"column":114}}]}},"b":{"0":[4],"1":[1],"2":[3],"3":[5],"4":[9],"5":[1],"6":[8],"7":[21],"8":[14],"9":[7],"10":[6],"11":[4],"12":[2],"13":[1],"14":[5],"15":[1],"16":[5],"17":[3],"18":[1],"19":[1],"20":[1],"21":[1]},"fnMap":{"0":{"name":"setAllIsCheckToTrue","decl":{"start":{"line":5,"column":35},"end":{"line":12,"column":1}},"loc":{"start":{"line":5,"column":35},"end":{"line":12,"column":1}},"line":5},"1":{"name":"countItemsWithFalse","decl":{"start":{"line":14,"column":35},"end":{"line":23,"column":1}},"loc":{"start":{"line":14,"column":35},"end":{"line":23,"column":1}},"line":14},"2":{"name":"TodoConfig","decl":{"start":{"line":25,"column":7},"end":{"line":60,"column":1}},"loc":{"start":{"line":25,"column":7},"end":{"line":60,"column":1}},"line":25},"3":{"name":"changeSetFilter","decl":{"start":{"line":26,"column":26},"end":{"line":28,"column":3}},"loc":{"start":{"line":26,"column":26},"end":{"line":28,"column":3}},"line":26},"4":{"name":"onClick","decl":{"start":{"line":36,"column":19},"end":{"line":36,"column":48}},"loc":{"start":{"line":36,"column":19},"end":{"line":36,"column":48}},"line":36},"5":{"name":"onClick","decl":{"start":{"line":42,"column":19},"end":{"line":42,"column":51}},"loc":{"start":{"line":42,"column":19},"end":{"line":42,"column":51}},"line":42},"6":{"name":"onClick","decl":{"start":{"line":48,"column":19},"end":{"line":48,"column":54}},"loc":{"start":{"line":48,"column":19},"end":{"line":48,"column":54}},"line":48},"7":{"name":"onClick","decl":{"start":{"line":54,"column":58},"end":{"line":54,"column":114}},"loc":{"start":{"line":54,"column":58},"end":{"line":54,"column":114}},"line":54}},"f":{"0":4,"1":9,"2":6,"3":3,"4":1,"5":1,"6":1,"7":1}}
,"C:\\Users\\Cyril_Strone_Work\\Work\\Personal\\mindbox-test\\src\\components\\todo\\molecules\\todo-list.tsx": {"path":"C:\\Users\\Cyril_Strone_Work\\Work\\Personal\\mindbox-test\\src\\components\\todo\\molecules\\todo-list.tsx","all":false,"statementMap":{"0":{"start":{"line":1,"column":0},"end":{"line":1,"column":32}},"1":{"start":{"line":2,"column":0},"end":{"line":2,"column":0}},"2":{"start":{"line":3,"column":0},"end":{"line":3,"column":66}},"3":{"start":{"line":4,"column":0},"end":{"line":4,"column":55}},"4":{"start":{"line":5,"column":0},"end":{"line":5,"column":0}},"5":{"start":{"line":6,"column":0},"end":{"line":6,"column":131}},"6":{"start":{"line":7,"column":0},"end":{"line":7,"column":27}},"7":{"start":{"line":8,"column":0},"end":{"line":8,"column":37}},"8":{"start":{"line":9,"column":0},"end":{"line":9,"column":36}},"9":{"start":{"line":10,"column":0},"end":{"line":10,"column":23}},"10":{"start":{"line":11,"column":0},"end":{"line":11,"column":22}},"11":{"start":{"line":12,"column":0},"end":{"line":12,"column":24}},"12":{"start":{"line":13,"column":0},"end":{"line":13,"column":39}},"13":{"start":{"line":14,"column":0},"end":{"line":14,"column":8}},"14":{"start":{"line":15,"column":0},"end":{"line":15,"column":5}},"15":{"start":{"line":16,"column":0},"end":{"line":16,"column":20}},"16":{"start":{"line":17,"column":0},"end":{"line":17,"column":5}},"17":{"start":{"line":18,"column":0},"end":{"line":18,"column":1}},"18":{"start":{"line":19,"column":0},"end":{"line":19,"column":0}},"19":{"start":{"line":20,"column":0},"end":{"line":20,"column":48}},"20":{"start":{"line":21,"column":0},"end":{"line":21,"column":10}},"21":{"start":{"line":22,"column":0},"end":{"line":22,"column":90}},"22":{"start":{"line":23,"column":0},"end":{"line":23,"column":128}},"23":{"start":{"line":24,"column":0},"end":{"line":24,"column":31}},"24":{"start":{"line":25,"column":0},"end":{"line":25,"column":158}},"25":{"start":{"line":26,"column":0},"end":{"line":26,"column":11}},"26":{"start":{"line":27,"column":0},"end":{"line":27,"column":50}},"27":{"start":{"line":28,"column":0},"end":{"line":28,"column":160}},"28":{"start":{"line":29,"column":0},"end":{"line":29,"column":13}},"29":{"start":{"line":30,"column":0},"end":{"line":30,"column":54}},"30":{"start":{"line":31,"column":0},"end":{"line":31,"column":162}},"31":{"start":{"line":32,"column":0},"end":{"line":32,"column":20}},"32":{"start":{"line":33,"column":0},"end":{"line":33,"column":7}},"33":{"start":{"line":34,"column":0},"end":{"line":34,"column":9}},"34":{"start":{"line":35,"column":0},"end":{"line":35,"column":43}},"35":{"start":{"line":36,"column":0},"end":{"line":36,"column":22}},"36":{"start":{"line":37,"column":0},"end":{"line":37,"column":14}},"37":{"start":{"line":38,"column":0},"end":{"line":38,"column":7}},"38":{"start":{"line":39,"column":0},"end":{"line":39,"column":10}},"39":{"start":{"line":40,"column":0},"end":{"line":40,"column":3}},"40":{"start":{"line":41,"column":0},"end":{"line":41,"column":1}}},"s":{"0":1,"1":1,"2":1,"3":1,"4":1,"5":1,"6":4,"7":0,"8":0,"9":0,"10":0,"11":0,"12":0,"13":0,"14":0,"15":0,"16":4,"17":4,"18":1,"19":1,"20":9,"21":9,"22":9,"23":24,"24":18,"25":6,"26":6,"27":2,"28":4,"29":4,"30":1,"31":3,"32":8,"33":1,"34":1,"35":1,"36":1,"37":9,"38":9,"39":9,"40":9},"branchMap":{"0":{"type":"branch","line":6,"loc":{"start":{"line":6,"column":34},"end":{"line":18,"column":1}},"locations":[{"start":{"line":6,"column":34},"end":{"line":18,"column":1}}]},"1":{"type":"branch","line":20,"loc":{"start":{"line":20,"column":7},"end":{"line":41,"column":1}},"locations":[{"start":{"line":20,"column":7},"end":{"line":41,"column":1}}]},"2":{"type":"branch","line":22,"loc":{"start":{"line":22,"column":35},"end":{"line":22,"column":90}},"locations":[{"start":{"line":22,"column":35},"end":{"line":22,"column":90}}]},"3":{"type":"branch","line":23,"loc":{"start":{"line":23,"column":75},"end":{"line":33,"column":7}},"locations":[{"start":{"line":23,"column":75},"end":{"line":33,"column":7}}]},"4":{"type":"branch","line":33,"loc":{"start":{"line":33,"column":6},"end":{"line":37,"column":14}},"locations":[{"start":{"line":33,"column":6},"end":{"line":37,"column":14}}]},"5":{"type":"branch","line":23,"loc":{"start":{"line":23,"column":95},"end":{"line":32,"column":20}},"locations":[{"start":{"line":23,"column":95},"end":{"line":32,"column":20}}]},"6":{"type":"branch","line":24,"loc":{"start":{"line":24,"column":24},"end":{"line":25,"column":158}},"locations":[{"start":{"line":24,"column":24},"end":{"line":25,"column":158}}]},"7":{"type":"branch","line":25,"loc":{"start":{"line":25,"column":156},"end":{"line":32,"column":20}},"locations":[{"start":{"line":25,"column":156},"end":{"line":32,"column":20}}]},"8":{"type":"branch","line":27,"loc":{"start":{"line":27,"column":26},"end":{"line":27,"column":50}},"locations":[{"start":{"line":27,"column":26},"end":{"line":27,"column":50}}]},"9":{"type":"branch","line":27,"loc":{"start":{"line":27,"column":41},"end":{"line":28,"column":160}},"locations":[{"start":{"line":27,"column":41},"end":{"line":28,"column":160}}]},"10":{"type":"branch","line":28,"loc":{"start":{"line":28,"column":158},"end":{"line":32,"column":20}},"locations":[{"start":{"line":28,"column":158},"end":{"line":32,"column":20}}]},"11":{"type":"branch","line":30,"loc":{"start":{"line":30,"column":28},"end":{"line":30,"column":54}},"locations":[{"start":{"line":30,"column":28},"end":{"line":30,"column":54}}]},"12":{"type":"branch","line":30,"loc":{"start":{"line":30,"column":45},"end":{"line":31,"column":162}},"locations":[{"start":{"line":30,"column":45},"end":{"line":31,"column":162}}]},"13":{"type":"branch","line":31,"loc":{"start":{"line":31,"column":160},"end":{"line":32,"column":20}},"locations":[{"start":{"line":31,"column":160},"end":{"line":32,"column":20}}]}},"b":{"0":[4],"1":[9],"2":[0],"3":[8],"4":[1],"5":[24],"6":[18],"7":[6],"8":[3],"9":[2],"10":[4],"11":[3],"12":[1],"13":[3]},"fnMap":{"0":{"name":"toggleIsCheckByKey","decl":{"start":{"line":6,"column":34},"end":{"line":18,"column":1}},"loc":{"start":{"line":6,"column":34},"end":{"line":18,"column":1}},"line":6},"1":{"name":"TodoList","decl":{"start":{"line":20,"column":7},"end":{"line":41,"column":1}},"loc":{"start":{"line":20,"column":7},"end":{"line":41,"column":1}},"line":20},"2":{"name":"toggleIsCheckByKey","decl":{"start":{"line":25,"column":51},"end":{"line":25,"column":96}},"loc":{"start":{"line":25,"column":51},"end":{"line":25,"column":96}},"line":25},"3":{"name":"toggleIsCheckByKey","decl":{"start":{"line":28,"column":53},"end":{"line":28,"column":98}},"loc":{"start":{"line":28,"column":53},"end":{"line":28,"column":98}},"line":28},"4":{"name":"toggleIsCheckByKey","decl":{"start":{"line":31,"column":55},"end":{"line":31,"column":100}},"loc":{"start":{"line":31,"column":55},"end":{"line":31,"column":100}},"line":31}},"f":{"0":4,"1":9,"2":0,"3":0,"4":0}}
,"C:\\Users\\Cyril_Strone_Work\\Work\\Personal\\mindbox-test\\src\\components\\todo\\molecules\\todo-new.tsx": {"path":"C:\\Users\\Cyril_Strone_Work\\Work\\Personal\\mindbox-test\\src\\components\\todo\\molecules\\todo-new.tsx","all":false,"statementMap":{"0":{"start":{"line":1,"column":0},"end":{"line":1,"column":31}},"1":{"start":{"line":2,"column":0},"end":{"line":2,"column":0}},"2":{"start":{"line":3,"column":0},"end":{"line":3,"column":49}},"3":{"start":{"line":4,"column":0},"end":{"line":4,"column":0}},"4":{"start":{"line":5,"column":0},"end":{"line":5,"column":65}},"5":{"start":{"line":6,"column":0},"end":{"line":6,"column":0}},"6":{"start":{"line":7,"column":0},"end":{"line":7,"column":205}},"7":{"start":{"line":8,"column":0},"end":{"line":8,"column":22}},"8":{"start":{"line":9,"column":0},"end":{"line":9,"column":19}},"9":{"start":{"line":10,"column":0},"end":{"line":10,"column":18}},"10":{"start":{"line":11,"column":0},"end":{"line":11,"column":19}},"11":{"start":{"line":12,"column":0},"end":{"line":12,"column":21}},"12":{"start":{"line":13,"column":0},"end":{"line":13,"column":4}},"13":{"start":{"line":14,"column":0},"end":{"line":14,"column":0}},"14":{"start":{"line":15,"column":0},"end":{"line":15,"column":14}},"15":{"start":{"line":16,"column":0},"end":{"line":16,"column":34}},"16":{"start":{"line":17,"column":0},"end":{"line":17,"column":10}},"17":{"start":{"line":18,"column":0},"end":{"line":18,"column":24}},"18":{"start":{"line":19,"column":0},"end":{"line":19,"column":3}},"19":{"start":{"line":20,"column":0},"end":{"line":20,"column":17}},"20":{"start":{"line":21,"column":0},"end":{"line":21,"column":2}},"21":{"start":{"line":22,"column":0},"end":{"line":22,"column":0}},"22":{"start":{"line":23,"column":0},"end":{"line":23,"column":46}},"23":{"start":{"line":24,"column":0},"end":{"line":24,"column":53}},"24":{"start":{"line":25,"column":0},"end":{"line":25,"column":28}},"25":{"start":{"line":26,"column":0},"end":{"line":26,"column":34}},"26":{"start":{"line":27,"column":0},"end":{"line":27,"column":3}},"27":{"start":{"line":28,"column":0},"end":{"line":28,"column":85}},"28":{"start":{"line":29,"column":0},"end":{"line":29,"column":39}},"29":{"start":{"line":30,"column":0},"end":{"line":30,"column":4}},"30":{"start":{"line":31,"column":0},"end":{"line":31,"column":18}},"31":{"start":{"line":32,"column":0},"end":{"line":32,"column":129}},"32":{"start":{"line":33,"column":0},"end":{"line":33,"column":452}},"33":{"start":{"line":34,"column":0},"end":{"line":34,"column":11}},"34":{"start":{"line":35,"column":0},"end":{"line":35,"column":10}},"35":{"start":{"line":36,"column":0},"end":{"line":36,"column":86}},"36":{"start":{"line":37,"column":0},"end":{"line":37,"column":86}},"37":{"start":{"line":38,"column":0},"end":{"line":38,"column":58}},"38":{"start":{"line":39,"column":0},"end":{"line":39,"column":12}},"39":{"start":{"line":40,"column":0},"end":{"line":40,"column":139}},"40":{"start":{"line":41,"column":0},"end":{"line":41,"column":14}},"41":{"start":{"line":42,"column":0},"end":{"line":42,"column":25}},"42":{"start":{"line":43,"column":0},"end":{"line":43,"column":38}},"43":{"start":{"line":44,"column":0},"end":{"line":44,"column":36}},"44":{"start":{"line":45,"column":0},"end":{"line":45,"column":18}},"45":{"start":{"line":46,"column":0},"end":{"line":46,"column":69}},"46":{"start":{"line":47,"column":0},"end":{"line":47,"column":23}},"47":{"start":{"line":48,"column":0},"end":{"line":48,"column":10}},"48":{"start":{"line":49,"column":0},"end":{"line":49,"column":13}},"49":{"start":{"line":50,"column":0},"end":{"line":50,"column":10}},"50":{"start":{"line":51,"column":0},"end":{"line":51,"column":3}},"51":{"start":{"line":52,"column":0},"end":{"line":52,"column":1}}},"s":{"0":1,"1":1,"2":1,"3":1,"4":1,"5":1,"6":1,"7":1,"8":1,"9":1,"10":1,"11":1,"12":1,"13":1,"14":1,"15":1,"16":1,"17":0,"18":0,"19":1,"20":1,"21":1,"22":1,"23":4,"24":4,"25":0,"26":0,"27":4,"28":0,"29":0,"30":4,"31":4,"32":4,"33":4,"34":4,"35":4,"36":4,"37":4,"38":4,"39":4,"40":4,"41":4,"42":4,"43":4,"44":4,"45":4,"46":4,"47":4,"48":4,"49":4,"50":4,"51":4},"branchMap":{"0":{"type":"branch","line":7,"loc":{"start":{"line":7,"column":26},"end":{"line":21,"column":2}},"locations":[{"start":{"line":7,"column":26},"end":{"line":21,"column":2}}]},"1":{"type":"branch","line":8,"loc":{"start":{"line":8,"column":16},"end":{"line":8,"column":22}},"locations":[{"start":{"line":8,"column":16},"end":{"line":8,"column":22}}]},"2":{"type":"branch","line":17,"loc":{"start":{"line":17,"column":2},"end":{"line":19,"column":3}},"locations":[{"start":{"line":17,"column":2},"end":{"line":19,"column":3}}]},"3":{"type":"branch","line":23,"loc":{"start":{"line":23,"column":7},"end":{"line":52,"column":1}},"locations":[{"start":{"line":23,"column":7},"end":{"line":52,"column":1}}]},"4":{"type":"branch","line":36,"loc":{"start":{"line":36,"column":35},"end":{"line":36,"column":86}},"locations":[{"start":{"line":36,"column":35},"end":{"line":36,"column":86}}]},"5":{"type":"branch","line":38,"loc":{"start":{"line":38,"column":15},"end":{"line":38,"column":49}},"locations":[{"start":{"line":38,"column":15},"end":{"line":38,"column":49}}]},"6":{"type":"branch","line":46,"loc":{"start":{"line":46,"column":29},"end":{"line":46,"column":69}},"locations":[{"start":{"line":46,"column":29},"end":{"line":46,"column":69}}]}},"b":{"0":[1],"1":[0],"2":[0],"3":[4],"4":[0],"5":[0],"6":[0]},"fnMap":{"0":{"name":"addNewItem","decl":{"start":{"line":7,"column":26},"end":{"line":21,"column":2}},"loc":{"start":{"line":7,"column":26},"end":{"line":21,"column":2}},"line":7},"1":{"name":"TodoNew","decl":{"start":{"line":23,"column":7},"end":{"line":52,"column":1}},"loc":{"start":{"line":23,"column":7},"end":{"line":52,"column":1}},"line":23},"2":{"name":"changeShow","decl":{"start":{"line":25,"column":21},"end":{"line":27,"column":3}},"loc":{"start":{"line":25,"column":21},"end":{"line":27,"column":3}},"line":25},"3":{"name":"handleInputChange","decl":{"start":{"line":28,"column":28},"end":{"line":30,"column":4}},"loc":{"start":{"line":28,"column":28},"end":{"line":30,"column":4}},"line":28},"4":{"name":"onSubmit","decl":{"start":{"line":40,"column":22},"end":{"line":40,"column":113}},"loc":{"start":{"line":40,"column":22},"end":{"line":40,"column":113}},"line":40}},"f":{"0":1,"1":4,"2":0,"3":0,"4":0}}
}
